Copyright 1986-2016 Xilinx, Inc. All Rights Reserved.
----------------------------------------------------------------------------------------
| Tool Version : Vivado v.2016.4 (win64) Build 1756540 Mon Jan 23 19:11:23 MST 2017
| Date         : Wed May 10 13:22:02 2023
| Host         : Elena running 64-bit major release  (build 9200)
| Command      : report_control_sets -verbose -file MIPS16_unic_control_sets_placed.rpt
| Design       : MIPS16_unic
| Device       : xc7a35t
----------------------------------------------------------------------------------------

Control Set Information

Table of Contents
-----------------
1. Summary
2. Flip-Flop Distribution
3. Detailed Control Set Information

1. Summary
----------

+----------------------------------------------------------+-------+
|                          Status                          | Count |
+----------------------------------------------------------+-------+
| Number of unique control sets                            |     5 |
| Unused register locations in slices containing registers |    10 |
+----------------------------------------------------------+-------+


2. Flip-Flop Distribution
-------------------------

+--------------+-----------------------+------------------------+-----------------+--------------+
| Clock Enable | Synchronous Set/Reset | Asynchronous Set/Reset | Total Registers | Total Slices |
+--------------+-----------------------+------------------------+-----------------+--------------+
| No           | No                    | No                     |              20 |            5 |
| No           | No                    | Yes                    |               0 |            0 |
| No           | Yes                   | No                     |               0 |            0 |
| Yes          | No                    | No                     |               2 |            1 |
| Yes          | No                    | Yes                    |               0 |            0 |
| Yes          | Yes                   | No                     |              24 |            9 |
+--------------+-----------------------+------------------------+-----------------+--------------+


3. Detailed Control Set Information
-----------------------------------

+----------------+---------------------+------------------+------------------+----------------+
|  Clock Signal  |    Enable Signal    | Set/Reset Signal | Slice Load Count | Bel Load Count |
+----------------+---------------------+------------------+------------------+----------------+
|  clk_IBUF_BUFG | segdisplay/eqOp     |                  |                1 |              2 |
|  clk_IBUF_BUFG | ifschema/p_0_in     |                  |                4 |             16 |
|  clk_IBUF_BUFG |                     |                  |                5 |             20 |
|  clk_IBUF_BUFG | monopulseW/E[0]     | monopulseR/SR[0] |                9 |             24 |
|  clk_IBUF_BUFG | ifschema/q_reg[7]_3 |                  |                6 |             48 |
+----------------+---------------------+------------------+------------------+----------------+


+--------+-----------------------+
| Fanout | Number of ControlSets |
+--------+-----------------------+
| 2      |                     1 |
| 16+    |                     4 |
+--------+-----------------------+


